# JRE version: Java(TM) SE Runtime Environment (18.0.1.1+2) (build 18.0.1.1+2-6)
# Java VM: Java HotSpot(TM) 64-Bit Server VM (18.0.1.1+2-6, mixed mode, sharing, tiered, compressed oops, compressed class ptrs, g1 gc, windows-amd64)
GC Precious Log:
 CardTable entry size: 512
 Card Set container configuration: InlinePtr #cards 4 size 8 Array Of Cards #cards 32 size 80 Howl #buckets 8 coarsen threshold 7372 Howl Bitmap #cards 1024 size 144 coarsen threshold 921 Card regions per heap region 1 cards per card region 8192
 CPUs: 12 total, 12 available
 Memory: 32678M
 Large Page Support: Disabled
 NUMA Support: Disabled
 Compressed Oops: Enabled (Zero based)
 Heap Region Size: 4M
 Heap Min Capacity: 8M
 Heap Initial Capacity: 512M
 Heap Max Capacity: 8172M
 Pre-touch: Disabled
 Parallel Workers: 10
 Concurrent Workers: 3
 Concurrent Refinement Workers: 10
 Periodic GC: Disabled
Heap:
 garbage-first heap   total 794624K, used 648257K [0x0000000601400000, 0x0000000800000000)
  region size 4096K, 3 young (12288K), 2 survivors (8192K)
 Metaspace       used 14746K, committed 15104K, reserved 1114112K
  class space    used 2086K, committed 2240K, reserved 1048576K
GC Heap History (20 events):
Event: 119935.072 GC heap before
{Heap before GC invocations=27 (full 0):
 garbage-first heap   total 794624K, used 512987K [0x0000000601400000, 0x0000000800000000)
  region size 4096K, 9 young (36864K), 4 survivors (16384K)
 Metaspace       used 14746K, committed 15104K, reserved 1114112K
  class space    used 2086K, committed 2240K, reserved 1048576K
}
Event: 119935.095 GC heap after
{Heap after GC invocations=28 (full 0):
 garbage-first heap   total 794624K, used 496882K [0x0000000601400000, 0x0000000800000000)
  region size 4096K, 2 young (8192K), 2 survivors (8192K)
 Metaspace       used 14746K, committed 15104K, reserved 1114112K
  class space    used 2086K, committed 2240K, reserved 1048576K
}
Event: 125325.356 GC heap before
{Heap before GC invocations=28 (full 0):
 garbage-first heap   total 794624K, used 689394K [0x0000000601400000, 0x0000000800000000)
  region size 4096K, 35 young (143360K), 2 survivors (8192K)
 Metaspace       used 14746K, committed 15104K, reserved 1114112K
  class space    used 2086K, committed 2240K, reserved 1048576K
}
Event: 125325.429 GC heap after
{Heap after GC invocations=29 (full 0):
 garbage-first heap   total 794624K, used 586937K [0x0000000601400000, 0x0000000800000000)
  region size 4096K, 5 young (20480K), 5 survivors (20480K)
 Metaspace       used 14746K, committed 15104K, reserved 1114112K
  class space    used 2086K, committed 2240K, reserved 1048576K
}
Event: 128432.389 GC heap before
{Heap before GC invocations=29 (full 0):
 garbage-first heap   total 794624K, used 664761K [0x0000000601400000, 0x0000000800000000)
  region size 4096K, 24 young (98304K), 5 survivors (20480K)
 Metaspace       used 14746K, committed 15104K, reserved 1114112K
  class space    used 2086K, committed 2240K, reserved 1048576K
}
Event: 128432.455 GC heap after
{Heap after GC invocations=30 (full 0):
 garbage-first heap   total 794624K, used 606912K [0x0000000601400000, 0x0000000800000000)
  region size 4096K, 3 young (12288K), 3 survivors (12288K)
 Metaspace       used 14746K, committed 15104K, reserved 1114112K
  class space    used 2086K, committed 2240K, reserved 1048576K
}
Event: 130882.026 GC heap before
{Heap before GC invocations=30 (full 0):
 garbage-first heap   total 794624K, used 668352K [0x0000000601400000, 0x0000000800000000)
  region size 4096K, 18 young (73728K), 3 survivors (12288K)
 Metaspace       used 14746K, committed 15104K, reserved 1114112K
  class space    used 2086K, committed 2240K, reserved 1048576K
}
Event: 130882.054 GC heap after
{Heap after GC invocations=31 (full 0):
 garbage-first heap   total 794624K, used 623573K [0x0000000601400000, 0x0000000800000000)
  region size 4096K, 3 young (12288K), 3 survivors (12288K)
 Metaspace       used 14746K, committed 15104K, reserved 1114112K
  class space    used 2086K, committed 2240K, reserved 1048576K
}
Event: 133003.636 GC heap before
{Heap before GC invocations=31 (full 0):
 garbage-first heap   total 794624K, used 676821K [0x0000000601400000, 0x0000000800000000)
  region size 4096K, 16 young (65536K), 3 survivors (12288K)
 Metaspace       used 14746K, committed 15104K, reserved 1114112K
  class space    used 2086K, committed 2240K, reserved 1048576K
}
Event: 133003.661 GC heap after
{Heap after GC invocations=32 (full 0):
 garbage-first heap   total 794624K, used 638312K [0x0000000601400000, 0x0000000800000000)
  region size 4096K, 2 young (8192K), 2 survivors (8192K)
 Metaspace       used 14746K, committed 15104K, reserved 1114112K
  class space    used 2086K, committed 2240K, reserved 1048576K
}
Event: 134798.621 GC heap before
{Heap before GC invocations=32 (full 0):
 garbage-first heap   total 794624K, used 683368K [0x0000000601400000, 0x0000000800000000)
  region size 4096K, 13 young (53248K), 2 survivors (8192K)
 Metaspace       used 14746K, committed 15104K, reserved 1114112K
  class space    used 2086K, committed 2240K, reserved 1048576K
}
Event: 134798.642 GC heap after
{Heap after GC invocations=33 (full 0):
 garbage-first heap   total 794624K, used 651602K [0x0000000601400000, 0x0000000800000000)
  region size 4096K, 2 young (8192K), 2 survivors (8192K)
 Metaspace       used 14746K, committed 15104K, reserved 1114112K
  class space    used 2086K, committed 2240K, reserved 1048576K
}
Event: 136104.675 GC heap before
{Heap before GC invocations=33 (full 0):
 garbage-first heap   total 794624K, used 684370K [0x0000000601400000, 0x0000000800000000)
  region size 4096K, 10 young (40960K), 2 survivors (8192K)
 Metaspace       used 14746K, committed 15104K, reserved 1114112K
  class space    used 2086K, committed 2240K, reserved 1048576K
}
Event: 136104.687 GC heap after
{Heap after GC invocations=34 (full 0):
 garbage-first heap   total 794624K, used 661427K [0x0000000601400000, 0x0000000800000000)
  region size 4096K, 2 young (8192K), 2 survivors (8192K)
 Metaspace       used 14746K, committed 15104K, reserved 1114112K
  class space    used 2086K, committed 2240K, reserved 1048576K
}
Event: 137246.884 GC heap before
{Heap before GC invocations=34 (full 0):
 garbage-first heap   total 794624K, used 690099K [0x0000000601400000, 0x0000000800000000)
  region size 4096K, 9 young (36864K), 2 survivors (8192K)
 Metaspace       used 14746K, committed 15104K, reserved 1114112K
  class space    used 2086K, committed 2240K, reserved 1048576K
}
Event: 137246.894 GC heap after
{Heap after GC invocations=35 (full 0):
 garbage-first heap   total 794624K, used 670021K [0x0000000601400000, 0x0000000800000000)
  region size 4096K, 2 young (8192K), 2 survivors (8192K)
 Metaspace       used 14746K, committed 15104K, reserved 1114112K
  class space    used 2086K, committed 2240K, reserved 1048576K
}
Event: 138389.876 GC heap before
{Heap before GC invocations=35 (full 0):
 garbage-first heap   total 794624K, used 698693K [0x0000000601400000, 0x0000000800000000)
  region size 4096K, 9 young (36864K), 2 survivors (8192K)
 Metaspace       used 14746K, committed 15104K, reserved 1114112K
  class space    used 2086K, committed 2240K, reserved 1048576K
}
Event: 138389.884 GC heap after
{Heap after GC invocations=36 (full 0):
 garbage-first heap   total 794624K, used 677747K [0x0000000601400000, 0x0000000800000000)
  region size 4096K, 2 young (8192K), 2 survivors (8192K)
 Metaspace       used 14746K, committed 15104K, reserved 1114112K
  class space    used 2086K, committed 2240K, reserved 1048576K
}
Event: 139532.179 GC heap before
{Heap before GC invocations=36 (full 0):
 garbage-first heap   total 794624K, used 706419K [0x0000000601400000, 0x0000000800000000)
  region size 4096K, 9 young (36864K), 2 survivors (8192K)
 Metaspace       used 14746K, committed 15104K, reserved 1114112K
  class space    used 2086K, committed 2240K, reserved 1048576K
}
Event: 139532.201 GC heap after
{Heap after GC invocations=37 (full 0):
 garbage-first heap   total 794624K, used 685121K [0x0000000601400000, 0x0000000800000000)
  region size 4096K, 2 young (8192K), 2 survivors (8192K)
 Metaspace       used 14746K, committed 15104K, reserved 1114112K
  class space    used 2086K, committed 2240K, reserved 1048576K
}

